# JRE version: OpenJDK Runtime Environment (21.0.2+13) (build 21.0.2+13-58)
# Java VM: OpenJDK 64-Bit Server VM (21.0.2+13-58, mixed mode, sharing, tiered, compressed oops, compressed class ptrs, g1 gc, bsd-aarch64)
GC Precious Log:
 CardTable entry size: 512
 Card Set container configuration: InlinePtr #cards 4 size 8 Array Of Cards #cards 16 size 48 Howl #buckets 8 coarsen threshold 3686 Howl Bitmap #cards 512 size 80 coarsen threshold 460 Card regions per heap region 1 cards per card region 4096
 CPUs: 10 total, 10 available
 Memory: 16384M
 Large Page Support: Disabled
 NUMA Support: Disabled
 Compressed Oops: Enabled (Zero based)
 Heap Region Size: 2M
 Heap Min Capacity: 8M
 Heap Initial Capacity: 256M
 Heap Max Capacity: 4G
 Pre-touch: Disabled
 Parallel Workers: 9
 Concurrent Workers: 2
 Concurrent Refinement Workers: 9
 Periodic GC: Disabled
Heap:
 garbage-first heap   total 159744K, used 107900K [0x0000000700000000, 0x0000000800000000)
  region size 2048K, 36 young (73728K), 4 survivors (8192K)
 Metaspace       used 95851K, committed 96576K, reserved 1179648K
  class space    used 12727K, committed 13056K, reserved 1048576K
GC Heap History (20 events):
Event: 3.182 GC heap before
{Heap before GC invocations=16 (full 0):
 garbage-first heap   total 98304K, used 85615K [0x0000000700000000, 0x0000000800000000)
  region size 2048K, 28 young (57344K), 2 survivors (4096K)
 Metaspace       used 71755K, committed 72320K, reserved 1114112K
  class space    used 9503K, committed 9792K, reserved 1048576K
}
Event: 3.185 GC heap after
{Heap after GC invocations=17 (full 0):
 garbage-first heap   total 98304K, used 33066K [0x0000000700000000, 0x0000000800000000)
  region size 2048K, 2 young (4096K), 2 survivors (4096K)
 Metaspace       used 71755K, committed 72320K, reserved 1114112K
  class space    used 9503K, committed 9792K, reserved 1048576K
}
Event: 3.318 GC heap before
{Heap before GC invocations=17 (full 0):
 garbage-first heap   total 98304K, used 86314K [0x0000000700000000, 0x0000000800000000)
  region size 2048K, 28 young (57344K), 2 survivors (4096K)
 Metaspace       used 73275K, committed 73856K, reserved 1114112K
  class space    used 9722K, committed 9984K, reserved 1048576K
}
Event: 3.323 GC heap after
{Heap after GC invocations=18 (full 0):
 garbage-first heap   total 98304K, used 33890K [0x0000000700000000, 0x0000000800000000)
  region size 2048K, 3 young (6144K), 3 survivors (6144K)
 Metaspace       used 73275K, committed 73856K, reserved 1114112K
  class space    used 9722K, committed 9984K, reserved 1048576K
}
Event: 3.458 GC heap before
{Heap before GC invocations=19 (full 0):
 garbage-first heap   total 98304K, used 83042K [0x0000000700000000, 0x0000000800000000)
  region size 2048K, 27 young (55296K), 3 survivors (6144K)
 Metaspace       used 73942K, committed 74560K, reserved 1114112K
  class space    used 9859K, committed 10112K, reserved 1048576K
}
Event: 3.460 GC heap after
{Heap after GC invocations=20 (full 0):
 garbage-first heap   total 98304K, used 35505K [0x0000000700000000, 0x0000000800000000)
  region size 2048K, 3 young (6144K), 3 survivors (6144K)
 Metaspace       used 73942K, committed 74560K, reserved 1114112K
  class space    used 9859K, committed 10112K, reserved 1048576K
}
Event: 3.587 GC heap before
{Heap before GC invocations=20 (full 0):
 garbage-first heap   total 98304K, used 84657K [0x0000000700000000, 0x0000000800000000)
  region size 2048K, 27 young (55296K), 3 survivors (6144K)
 Metaspace       used 74539K, committed 75136K, reserved 1179648K
  class space    used 9933K, committed 10176K, reserved 1048576K
}
Event: 3.590 GC heap after
{Heap after GC invocations=21 (full 0):
 garbage-first heap   total 133120K, used 35964K [0x0000000700000000, 0x0000000800000000)
  region size 2048K, 3 young (6144K), 3 survivors (6144K)
 Metaspace       used 74539K, committed 75136K, reserved 1179648K
  class space    used 9933K, committed 10176K, reserved 1048576K
}
Event: 3.759 GC heap before
{Heap before GC invocations=21 (full 0):
 garbage-first heap   total 133120K, used 109692K [0x0000000700000000, 0x0000000800000000)
  region size 2048K, 39 young (79872K), 3 survivors (6144K)
 Metaspace       used 77482K, committed 78080K, reserved 1179648K
  class space    used 10319K, committed 10560K, reserved 1048576K
}
Event: 3.761 GC heap after
{Heap after GC invocations=22 (full 0):
 garbage-first heap   total 133120K, used 36796K [0x0000000700000000, 0x0000000800000000)
  region size 2048K, 3 young (6144K), 3 survivors (6144K)
 Metaspace       used 77482K, committed 78080K, reserved 1179648K
  class space    used 10319K, committed 10560K, reserved 1048576K
}
Event: 3.913 GC heap before
{Heap before GC invocations=22 (full 0):
 garbage-first heap   total 133120K, used 110524K [0x0000000700000000, 0x0000000800000000)
  region size 2048K, 39 young (79872K), 3 survivors (6144K)
 Metaspace       used 79868K, committed 80512K, reserved 1179648K
  class space    used 10631K, committed 10944K, reserved 1048576K
}
Event: 3.916 GC heap after
{Heap after GC invocations=23 (full 0):
 garbage-first heap   total 133120K, used 38974K [0x0000000700000000, 0x0000000800000000)
  region size 2048K, 4 young (8192K), 4 survivors (8192K)
 Metaspace       used 79868K, committed 80512K, reserved 1179648K
  class space    used 10631K, committed 10944K, reserved 1048576K
}
Event: 4.080 GC heap before
{Heap before GC invocations=23 (full 0):
 garbage-first heap   total 133120K, used 110654K [0x0000000700000000, 0x0000000800000000)
  region size 2048K, 39 young (79872K), 4 survivors (8192K)
 Metaspace       used 81538K, committed 82176K, reserved 1179648K
  class space    used 10875K, committed 11200K, reserved 1048576K
}
Event: 4.083 GC heap after
{Heap after GC invocations=24 (full 0):
 garbage-first heap   total 133120K, used 40458K [0x0000000700000000, 0x0000000800000000)
  region size 2048K, 4 young (8192K), 4 survivors (8192K)
 Metaspace       used 81538K, committed 82176K, reserved 1179648K
  class space    used 10875K, committed 11200K, reserved 1048576K
}
Event: 4.231 GC heap before
{Heap before GC invocations=24 (full 0):
 garbage-first heap   total 133120K, used 112138K [0x0000000700000000, 0x0000000800000000)
  region size 2048K, 39 young (79872K), 4 survivors (8192K)
 Metaspace       used 82298K, committed 83008K, reserved 1179648K
  class space    used 11002K, committed 11328K, reserved 1048576K
}
Event: 4.235 GC heap after
{Heap after GC invocations=25 (full 0):
 garbage-first heap   total 159744K, used 42394K [0x0000000700000000, 0x0000000800000000)
  region size 2048K, 4 young (8192K), 4 survivors (8192K)
 Metaspace       used 82298K, committed 83008K, reserved 1179648K
  class space    used 11002K, committed 11328K, reserved 1048576K
}
Event: 4.400 GC heap before
{Heap before GC invocations=25 (full 0):
 garbage-first heap   total 159744K, used 128410K [0x0000000700000000, 0x0000000800000000)
  region size 2048K, 46 young (94208K), 4 survivors (8192K)
 Metaspace       used 83368K, committed 84032K, reserved 1179648K
  class space    used 11154K, committed 11456K, reserved 1048576K
}
Event: 4.403 GC heap after
{Heap after GC invocations=26 (full 0):
 garbage-first heap   total 159744K, used 44454K [0x0000000700000000, 0x0000000800000000)
  region size 2048K, 4 young (8192K), 4 survivors (8192K)
 Metaspace       used 83368K, committed 84032K, reserved 1179648K
  class space    used 11154K, committed 11456K, reserved 1048576K
}
Event: 4.539 GC heap before
{Heap before GC invocations=26 (full 0):
 garbage-first heap   total 159744K, used 130470K [0x0000000700000000, 0x0000000800000000)
  region size 2048K, 46 young (94208K), 4 survivors (8192K)
 Metaspace       used 83750K, committed 84416K, reserved 1179648K
  class space    used 11212K, committed 11520K, reserved 1048576K
}
Event: 4.543 GC heap after
{Heap after GC invocations=27 (full 0):
 garbage-first heap   total 159744K, used 46460K [0x0000000700000000, 0x0000000800000000)
  region size 2048K, 4 young (8192K), 4 survivors (8192K)
 Metaspace       used 83750K, committed 84416K, reserved 1179648K
  class space    used 11212K, committed 11520K, reserved 1048576K
}

